         Orleans.GpuBridge.Backends.DotCompute -> /home/mivertowski/GpuBridgeCore/Orleans.GpuBridge.Core/src/Orleans.GpuBridge.Backends.DotCompute/bin/Debug/net9.0/Orleans.GpuBridge.Backends.DotCompute.dll
     4>Done Building Project "/home/mivertowski/GpuBridgeCore/Orleans.GpuBridge.Core/src/Orleans.GpuBridge.Backends.DotCompute/Orleans.GpuBridge.Backends.DotCompute.csproj" (default targets).
     5>GenerateNuspec:
       Skipping target "GenerateNuspec" because all output files are up-to-date with respect to the input files.
     5>Done Building Project "/home/mivertowski/GpuBridgeCore/Orleans.GpuBridge.Core/src/Orleans.GpuBridge.Grains/Orleans.GpuBridge.Grains.csproj" (default targets).
     1>GenerateTargetFrameworkMonikerAttribute:
       Skipping target "GenerateTargetFrameworkMonikerAttribute" because all output files are up-to-date with respect to the input files.
       CoreGenerateAssemblyInfo:
       Skipping target "CoreGenerateAssemblyInfo" because all output files are up-to-date with respect to the input files.
       _GenerateSourceLinkFile:
         Source Link file 'obj/Debug/net9.0/Orleans.GpuBridge.Temporal.Tests.sourcelink.json' is up-to-date.
       CoreCompile:
       Skipping target "CoreCompile" because all output files are up-to-date with respect to the input files.
       _CopyOutOfDateSourceItemsToOutputDirectory:
       Skipping target "_CopyOutOfDateSourceItemsToOutputDirectory" because all output files are up-to-date with respect to the input files.
       GenerateBuildDependencyFile:
       Skipping target "GenerateBuildDependencyFile" because all output files are up-to-date with respect to the input files.
       GenerateBuildRuntimeConfigurationFiles:
       Skipping target "GenerateBuildRuntimeConfigurationFiles" because all output files are up-to-date with respect to the input files.
       CopyFilesToOutputDirectory:
         Orleans.GpuBridge.Temporal.Tests -> /home/mivertowski/GpuBridgeCore/Orleans.GpuBridge.Core/tests/Orleans.GpuBridge.Temporal.Tests/bin/Debug/net9.0/Orleans.GpuBridge.Temporal.Tests.dll
     1>Done Building Project "/home/mivertowski/GpuBridgeCore/Orleans.GpuBridge.Core/tests/Orleans.GpuBridge.Temporal.Tests/Orleans.GpuBridge.Temporal.Tests.csproj" (default targets).
     1>BuildProject:
         Build completed.
         
Test run for /home/mivertowski/GpuBridgeCore/Orleans.GpuBridge.Core/tests/Orleans.GpuBridge.Temporal.Tests/bin/Debug/net9.0/Orleans.GpuBridge.Temporal.Tests.dll (.NETCoreApp,Version=v9.0)
VSTest version 17.13.0 (x64)

Starting test execution, please wait...
A total of 1 test files matched the specified pattern.
[xUnit.net 00:00:00.00] xUnit.net VSTest Adapter v2.8.2+699d445a1a (64-bit .NET 9.0.4)
[xUnit.net 00:00:00.09]   Discovering: Orleans.GpuBridge.Temporal.Tests
[xUnit.net 00:00:00.16]   Discovered:  Orleans.GpuBridge.Temporal.Tests
[xUnit.net 00:00:00.17]   Starting:    Orleans.GpuBridge.Temporal.Tests
[xUnit.net 00:00:00.22]     Orleans.GpuBridge.Temporal.Tests.FaultTolerance.ConcurrentAccessTests.IntervalTree_ConcurrentOperations [SKIP]
[xUnit.net 00:00:00.22]       IntervalTree is not thread-safe by design - use TemporalGraphStorage for concurrent access
Stack overflow.
Repeated 13097 times:
--------------------------------
   at Orleans.GpuBridge.Runtime.Temporal.Graph.IntervalTree`2[[System.Int64, System.Private.CoreLib, Version=9.0.0.0, Culture=neutral, PublicKeyToken=7cec85d7bea7798e],[Orleans.GpuBridge.Runtime.Temporal.Graph.TemporalEdge, Orleans.GpuBridge.Runtime, Version=1.0.0.0, Culture=neutral, PublicKeyToken=null]].Insert(IntervalNode<Int64,Orleans.GpuBridge.Runtime.Temporal.Graph.TemporalEdge>, Interval<Int64,Orleans.GpuBridge.Runtime.Temporal.Graph.TemporalEdge>)
--------------------------------
   at Orleans.GpuBridge.Runtime.Temporal.Graph.IntervalTree`2[[System.Int64, System.Private.CoreLib, Version=9.0.0.0, Culture=neutral, PublicKeyToken=7cec85d7bea7798e],[Orleans.GpuBridge.Runtime.Temporal.Graph.TemporalEdge, Orleans.GpuBridge.Runtime, Version=1.0.0.0, Culture=neutral, PublicKeyToken=null]].Add(Int64, Int64, Orleans.GpuBridge.Runtime.Temporal.Graph.TemporalEdge)
   at Orleans.GpuBridge.Runtime.Temporal.Graph.TemporalGraphStorage.AddEdge(Orleans.GpuBridge.Runtime.Temporal.Graph.TemporalEdge)
   at Orleans.GpuBridge.Runtime.Temporal.Graph.TemporalGraphStorage.AddEdge(UInt64, UInt64, Int64, Int64, Orleans.GpuBridge.Abstractions.Temporal.HybridTimestamp, Double, System.String)
   at Orleans.GpuBridge.Temporal.Tests.FaultTolerance.ConcurrentAccessTests+<>c__DisplayClass6_0+<<TemporalGraph_ConcurrentMixedOperations>b__0>d.MoveNext()
   at System.Threading.ExecutionContext.RunInternal(System.Threading.ExecutionContext, System.Threading.ContextCallback, System.Object)
   at System.Runtime.CompilerServices.AsyncTaskMethodBuilder`1+AsyncStateMachineBox`1[[System.Threading.Tasks.VoidTaskResult, System.Private.CoreLib, Version=9.0.0.0, Culture=neutral, PublicKeyToken=7cec85d7bea7798e],[System.__Canon, System.Private.CoreLib, Version=9.0.0.0, Culture=neutral, PublicKeyToken=7cec85d7bea7798e]].MoveNext(System.Threading.Thread)
   at System.Runtime.CompilerServices.YieldAwaitable+YieldAwaiter+<>c.<System.Runtime.CompilerServices.IStateMachineBoxAwareAwaiter.AwaitUnsafeOnCompleted>b__5_0(System.Object)
   at Xunit.Sdk.AsyncTestSyncContext+<>c__DisplayClass7_0.<Post>b__0()
   at Xunit.Sdk.XunitWorkerThread+<>c.<QueueUserWorkItem>b__5_0(System.Object)
   at System.Threading.ExecutionContext.RunInternal(System.Threading.ExecutionContext, System.Threading.ContextCallback, System.Object)
   at System.Threading.Tasks.Task.ExecuteWithThreadLocal(System.Threading.Tasks.Task ByRef, System.Threading.Thread)
The active test run was aborted. Reason: Test host process crashed : Stack overflow.
Repeated 13097 times:
--------------------------------
   at Orleans.GpuBridge.Runtime.Temporal.Graph.IntervalTree`2[[System.Int64, System.Private.CoreLib, Version=9.0.0.0, Culture=neutral, PublicKeyToken=7cec85d7bea7798e],[Orleans.GpuBridge.Runtime.Temporal.Graph.TemporalEdge, Orleans.GpuBridge.Runtime, Version=1.0.0.0, Culture=neutral, PublicKeyToken=null]].Insert(IntervalNode<Int64,Orleans.GpuBridge.Runtime.Temporal.Graph.TemporalEdge>, Interval<Int64,Orleans.GpuBridge.Runtime.Temporal.Graph.TemporalEdge>)
--------------------------------
   at Orleans.GpuBridge.Runtime.Temporal.Graph.IntervalTree`2[[System.Int64, System.Private.CoreLib, Version=9.0.0.0, Culture=neutral, PublicKeyToken=7cec85d7bea7798e],[Orleans.GpuBridge.Runtime.Temporal.Graph.TemporalEdge, Orleans.GpuBridge.Runtime, Version=1.0.0.0, Culture=neutral, PublicKeyToken=null]].Add(Int64, Int64, Orleans.GpuBridge.Runtime.Temporal.Graph.TemporalEdge)
   at Orleans.GpuBridge.Runtime.Temporal.Graph.TemporalGraphStorage.AddEdge(Orleans.GpuBridge.Runtime.Temporal.Graph.TemporalEdge)
   at Orleans.GpuBridge.Runtime.Temporal.Graph.TemporalGraphStorage.AddEdge(UInt64, UInt64, Int64, Int64, Orleans.GpuBridge.Abstractions.Temporal.HybridTimestamp, Double, System.String)
   at Orleans.GpuBridge.Temporal.Tests.FaultTolerance.ConcurrentAccessTests+<>c__DisplayClass6_0+<<TemporalGraph_ConcurrentMixedOperations>b__0>d.MoveNext()
   at System.Threading.ExecutionContext.RunInternal(System.Threading.ExecutionContext, System.Threading.ContextCallback, System.Object)
   at System.Runtime.CompilerServices.AsyncTaskMethodBuilder`1+AsyncStateMachineBox`1[[System.Threading.Tasks.VoidTaskResult, System.Private.CoreLib, Version=9.0.0.0, Culture=neutral, PublicKeyToken=7cec85d7bea7798e],[System.__Canon, System.Private.CoreLib, Version=9.0.0.0, Culture=neutral, PublicKeyToken=7cec85d7bea7798e]].MoveNext(System.Threading.Thread)
   at System.Runtime.CompilerServices.YieldAwaitable+YieldAwaiter+<>c.<System.Runtime.CompilerServices.IStateMachineBoxAwareAwaiter.AwaitUnsafeOnCompleted>b__5_0(System.Object)
   at Xunit.Sdk.AsyncTestSyncContext+<>c__DisplayClass7_0.<Post>b__0()
   at Xunit.Sdk.XunitWorkerThread+<>c.<QueueUserWorkItem>b__5_0(System.Object)
   at System.Threading.ExecutionContext.RunInternal(System.Threading.ExecutionContext, System.Threading.ContextCallback, System.Object)
   at System.Threading.Tasks.Task.ExecuteWithThreadLocal(System.Threading.Tasks.Task ByRef, System.Threading.Thread)


Test Run Aborted.
       _VSTestConsole:
         MSB4181: The "VSTestTask" task returned false but did not log an error.
     1>Done Building Project "/home/mivertowski/GpuBridgeCore/Orleans.GpuBridge.Core/tests/Orleans.GpuBridge.Temporal.Tests/Orleans.GpuBridge.Temporal.Tests.csproj" (VSTest target(s)) -- FAILED.

Build FAILED.
    0 Warning(s)
    0 Error(s)

Time Elapsed 00:00:08.64
